<?xml version="1.0" encoding="UTF-8"?>
<!-- Generated by org.testng.reporters.JUnitXMLReporter -->
<testsuite ignored="0" hostname="DESKTOP-A1CL3GS" failures="0" tests="4" name="Default test" time="4.053" errors="0" timestamp="2023-04-26T15:30:20 IST">
  <testcase classname="TestCases.TC003_Get_Employee_withId" name="checkContentType" time="0.015"/>
  <testcase classname="TestCases.TC003_Get_Employee_withId" name="checkResponseBody" time="0.058"/>
  <testcase classname="TestCases.TC003_Get_Employee_withId" name="checkResponseTime" time="0.017"/>
  <testcase classname="TestCases.TC003_Get_Employee_withId" name="checkStatusCode" time="0.019"/>
</testsuite> <!-- Default test -->
