<?xml version="1.0" encoding="UTF-8"?>
<!-- Generated by org.testng.reporters.JUnitXMLReporter -->
<testsuite ignored="0" hostname="DESKTOP-A1CL3GS" failures="8" tests="12" name="restAssuredTests" time="7.035" errors="0" timestamp="2023-04-26T16:04:04 IST">
  <testcase classname="TestCases.TC001_Get_All_Employees" name="checkContentType" time="0.032">
    <failure type="java.lang.AssertionError" message="expected [application/json] but found [text/html; charset=UTF-8]">
      <![CDATA[java.lang.AssertionError: expected [application/json] but found [text/html; charset=UTF-8]
at TestCases.TC001_Get_All_Employees.checkContentType(TC001_Get_All_Employees.java:62)
at java.base/java.util.ArrayList.forEach(ArrayList.java:1511)
... Removed 33 stack frames]]>
    </failure>
  </testcase> <!-- checkContentType -->
  <testcase classname="TestCases.TC001_Get_All_Employees" name="checkResponseBody" time="0.088"/>
  <testcase classname="TestCases.TC001_Get_All_Employees" name="checkResponseTime" time="0.021"/>
  <testcase classname="TestCases.TC001_Get_All_Employees" name="checkStatusCode" time="0.015">
    <failure type="java.lang.AssertionError" message="expected [200] but found [429]">
      <![CDATA[java.lang.AssertionError: expected [200] but found [429]
at TestCases.TC001_Get_All_Employees.checkStatusCode(TC001_Get_All_Employees.java:39)
at java.base/java.util.ArrayList.forEach(ArrayList.java:1511)
... Removed 34 stack frames]]>
    </failure>
  </testcase> <!-- checkStatusCode -->
  <testcase classname="TestCases.TC002_create_New_Employee" name="checkContentType" time="0.013">
    <failure type="java.lang.AssertionError" message="expected [application/json] but found [text/html; charset=UTF-8]">
      <![CDATA[java.lang.AssertionError: expected [application/json] but found [text/html; charset=UTF-8]
at TestCases.TC002_create_New_Employee.checkContentType(TC002_create_New_Employee.java:67)
at java.base/java.util.ArrayList.forEach(ArrayList.java:1511)
... Removed 33 stack frames]]>
    </failure>
  </testcase> <!-- checkContentType -->
  <testcase classname="TestCases.TC002_create_New_Employee" name="checkResponseBody" time="0.013">
    <failure type="java.lang.AssertionError" message="expected [true] but found [false]">
      <![CDATA[java.lang.AssertionError: expected [true] but found [false]
at TestCases.TC002_create_New_Employee.checkResponseBody(TC002_create_New_Employee.java:45)
at java.base/java.util.ArrayList.forEach(ArrayList.java:1511)
... Removed 34 stack frames]]>
    </failure>
  </testcase> <!-- checkResponseBody -->
  <testcase classname="TestCases.TC002_create_New_Employee" name="checkResponseTime" time="0.006"/>
  <testcase classname="TestCases.TC002_create_New_Employee" name="checkStatusCode" time="0.004">
    <failure type="java.lang.AssertionError" message="expected [200] but found [429]">
      <![CDATA[java.lang.AssertionError: expected [200] but found [429]
at TestCases.TC002_create_New_Employee.checkStatusCode(TC002_create_New_Employee.java:57)
at java.base/java.util.ArrayList.forEach(ArrayList.java:1511)
... Removed 34 stack frames]]>
    </failure>
  </testcase> <!-- checkStatusCode -->
  <testcase classname="TestCases.TC004_Update_Employee" name="checkContentType" time="0.006">
    <failure type="java.lang.AssertionError" message="expected [application/json] but found [text/html; charset=UTF-8]">
      <![CDATA[java.lang.AssertionError: expected [application/json] but found [text/html; charset=UTF-8]
at TestCases.TC004_Update_Employee.checkContentType(TC004_Update_Employee.java:65)
at java.base/java.util.ArrayList.forEach(ArrayList.java:1511)
... Removed 33 stack frames]]>
    </failure>
  </testcase> <!-- checkContentType -->
  <testcase classname="TestCases.TC004_Update_Employee" name="checkResponseBody" time="0.006">
    <failure type="java.lang.AssertionError" message="expected [true] but found [false]">
      <![CDATA[java.lang.AssertionError: expected [true] but found [false]
at TestCases.TC004_Update_Employee.checkResponseBody(TC004_Update_Employee.java:43)
at java.base/java.util.ArrayList.forEach(ArrayList.java:1511)
... Removed 34 stack frames]]>
    </failure>
  </testcase> <!-- checkResponseBody -->
  <testcase classname="TestCases.TC004_Update_Employee" name="checkResponseTime" time="0.004"/>
  <testcase classname="TestCases.TC004_Update_Employee" name="checkStatusCode" time="0.004">
    <failure type="java.lang.AssertionError" message="expected [200] but found [429]">
      <![CDATA[java.lang.AssertionError: expected [200] but found [429]
at TestCases.TC004_Update_Employee.checkStatusCode(TC004_Update_Employee.java:55)
at java.base/java.util.ArrayList.forEach(ArrayList.java:1511)
... Removed 34 stack frames]]>
    </failure>
  </testcase> <!-- checkStatusCode -->
</testsuite> <!-- restAssuredTests -->
